{"D:\\Hegade\\Express-Jest\\User\\index.js": {"path":"D:\\Hegade\\Express-Jest\\User\\index.js","statementMap":{"0":{"start":{"line":6,"column":16},"end":{"line":6,"column":34}},"1":{"start":{"line":7,"column":12},"end":{"line":7,"column":21}},"2":{"start":{"line":8,"column":19},"end":{"line":8,"column":41}},"3":{"start":{"line":9,"column":13},"end":{"line":9,"column":28}},"4":{"start":{"line":10,"column":17},"end":{"line":10,"column":36}},"5":{"start":{"line":11,"column":0},"end":{"line":11,"column":27}},"6":{"start":{"line":12,"column":11},"end":{"line":12,"column":35}},"7":{"start":{"line":14,"column":0},"end":{"line":14,"column":27}},"8":{"start":{"line":15,"column":0},"end":{"line":15,"column":16}},"9":{"start":{"line":16,"column":0},"end":{"line":16,"column":51}},"10":{"start":{"line":19,"column":13},"end":{"line":19,"column":43}},"11":{"start":{"line":22,"column":14},"end":{"line":22,"column":37}},"12":{"start":{"line":23,"column":0},"end":{"line":30,"column":2}},"13":{"start":{"line":31,"column":0},"end":{"line":31,"column":34}},"14":{"start":{"line":32,"column":9},"end":{"line":32,"column":28}},"15":{"start":{"line":33,"column":0},"end":{"line":33,"column":73}},"16":{"start":{"line":35,"column":0},"end":{"line":37,"column":5}},"17":{"start":{"line":36,"column":4},"end":{"line":36,"column":58}},"18":{"start":{"line":39,"column":0},"end":{"line":39,"column":30}},"19":{"start":{"line":45,"column":0},"end":{"line":45,"column":21}}},"fnMap":{"0":{"name":"(anonymous_0)","decl":{"start":{"line":35,"column":13},"end":{"line":35,"column":14}},"loc":{"start":{"line":35,"column":27},"end":{"line":37,"column":3}},"line":35}},"branchMap":{"0":{"loc":{"start":{"line":12,"column":11},"end":{"line":12,"column":35}},"type":"binary-expr","locations":[{"start":{"line":12,"column":11},"end":{"line":12,"column":27}},{"start":{"line":12,"column":31},"end":{"line":12,"column":35}}],"line":12}},"s":{"0":1,"1":1,"2":1,"3":1,"4":1,"5":1,"6":1,"7":1,"8":1,"9":1,"10":1,"11":1,"12":1,"13":1,"14":1,"15":1,"16":1,"17":0,"18":1,"19":1},"f":{"0":0},"b":{"0":[1,1]},"_coverageSchema":"1a1c01bbd47fc00a2c39e90264f33305004495a9","hash":"012fe58b72848fd73275ff4c4a1f202db1acab6c"}
,"D:\\Hegade\\Express-Jest\\User\\config\\config.js": {"path":"D:\\Hegade\\Express-Jest\\User\\config\\config.js","statementMap":{"0":{"start":{"line":1,"column":0},"end":{"line":5,"column":1}}},"fnMap":{},"branchMap":{},"s":{"0":1},"f":{},"b":{},"_coverageSchema":"1a1c01bbd47fc00a2c39e90264f33305004495a9","hash":"9cf019ddfe976499e3f70eaa6f144d13f027229a"}
,"D:\\Hegade\\Express-Jest\\User\\config\\httpresponse.js": {"path":"D:\\Hegade\\Express-Jest\\User\\config\\httpresponse.js","statementMap":{"0":{"start":{"line":1,"column":0},"end":{"line":4,"column":1}},"1":{"start":{"line":7,"column":4},"end":{"line":14,"column":5}},"2":{"start":{"line":18,"column":4},"end":{"line":25,"column":5}}},"fnMap":{"0":{"name":"ResponseCodes","decl":{"start":{"line":6,"column":9},"end":{"line":6,"column":22}},"loc":{"start":{"line":6,"column":24},"end":{"line":15,"column":1}},"line":6},"1":{"name":"ResponseMessages","decl":{"start":{"line":17,"column":9},"end":{"line":17,"column":25}},"loc":{"start":{"line":17,"column":27},"end":{"line":26,"column":1}},"line":17}},"branchMap":{},"s":{"0":1,"1":1,"2":1},"f":{"0":1,"1":1},"b":{},"_coverageSchema":"1a1c01bbd47fc00a2c39e90264f33305004495a9","hash":"3a9d0e517b2521f05849dce6a54d65162f222f54"}
,"D:\\Hegade\\Express-Jest\\User\\controllers\\user.controller.js": {"path":"D:\\Hegade\\Express-Jest\\User\\controllers\\user.controller.js","statementMap":{"0":{"start":{"line":1,"column":13},"end":{"line":1,"column":44}},"1":{"start":{"line":2,"column":18},"end":{"line":2,"column":51}},"2":{"start":{"line":3,"column":15},"end":{"line":3,"column":32}},"3":{"start":{"line":4,"column":15},"end":{"line":4,"column":42}},"4":{"start":{"line":5,"column":10},"end":{"line":5,"column":33}},"5":{"start":{"line":6,"column":23},"end":{"line":6,"column":38}},"6":{"start":{"line":9,"column":0},"end":{"line":39,"column":1}},"7":{"start":{"line":10,"column":4},"end":{"line":38,"column":7}},"8":{"start":{"line":11,"column":20},"end":{"line":11,"column":94}},"9":{"start":{"line":12,"column":8},"end":{"line":37,"column":11}},"10":{"start":{"line":13,"column":12},"end":{"line":36,"column":13}},"11":{"start":{"line":14,"column":16},"end":{"line":14,"column":116}},"12":{"start":{"line":17,"column":31},"end":{"line":24,"column":18}},"13":{"start":{"line":25,"column":16},"end":{"line":35,"column":18}},"14":{"start":{"line":26,"column":20},"end":{"line":34,"column":21}},"15":{"start":{"line":27,"column":24},"end":{"line":27,"column":41}},"16":{"start":{"line":28,"column":24},"end":{"line":29,"column":78}},"17":{"start":{"line":32,"column":24},"end":{"line":32,"column":43}},"18":{"start":{"line":33,"column":24},"end":{"line":33,"column":134}},"19":{"start":{"line":41,"column":0},"end":{"line":49,"column":1}},"20":{"start":{"line":42,"column":4},"end":{"line":48,"column":6}},"21":{"start":{"line":44,"column":8},"end":{"line":44,"column":65}},"22":{"start":{"line":47,"column":8},"end":{"line":47,"column":89}},"23":{"start":{"line":51,"column":0},"end":{"line":73,"column":1}},"24":{"start":{"line":52,"column":4},"end":{"line":72,"column":6}},"25":{"start":{"line":53,"column":8},"end":{"line":71,"column":9}},"26":{"start":{"line":54,"column":12},"end":{"line":67,"column":15}},"27":{"start":{"line":55,"column":16},"end":{"line":66,"column":17}},"28":{"start":{"line":56,"column":20},"end":{"line":63,"column":25}},"29":{"start":{"line":62,"column":24},"end":{"line":62,"column":82}},"30":{"start":{"line":65,"column":24},"end":{"line":65,"column":103}},"31":{"start":{"line":70,"column":12},"end":{"line":70,"column":110}},"32":{"start":{"line":75,"column":0},"end":{"line":83,"column":1}},"33":{"start":{"line":76,"column":4},"end":{"line":82,"column":6}},"34":{"start":{"line":77,"column":8},"end":{"line":81,"column":9}},"35":{"start":{"line":78,"column":12},"end":{"line":78,"column":68}},"36":{"start":{"line":80,"column":12},"end":{"line":80,"column":90}},"37":{"start":{"line":85,"column":0},"end":{"line":123,"column":1}},"38":{"start":{"line":86,"column":4},"end":{"line":122,"column":6}},"39":{"start":{"line":87,"column":8},"end":{"line":121,"column":9}},"40":{"start":{"line":88,"column":12},"end":{"line":117,"column":13}},"41":{"start":{"line":89,"column":26},"end":{"line":89,"column":106}},"42":{"start":{"line":89,"column":57},"end":{"line":89,"column":105}},"43":{"start":{"line":90,"column":16},"end":{"line":102,"column":17}},"44":{"start":{"line":91,"column":20},"end":{"line":91,"column":144}},"45":{"start":{"line":93,"column":20},"end":{"line":93,"column":46}},"46":{"start":{"line":94,"column":20},"end":{"line":101,"column":22}},"47":{"start":{"line":95,"column":24},"end":{"line":95,"column":58}},"48":{"start":{"line":96,"column":29},"end":{"line":100,"column":57}},"49":{"start":{"line":98,"column":32},"end":{"line":98,"column":102}},"50":{"start":{"line":100,"column":40},"end":{"line":100,"column":56}},"51":{"start":{"line":104,"column":26},"end":{"line":104,"column":106}},"52":{"start":{"line":104,"column":57},"end":{"line":104,"column":105}},"53":{"start":{"line":105,"column":16},"end":{"line":116,"column":17}},"54":{"start":{"line":106,"column":20},"end":{"line":106,"column":144}},"55":{"start":{"line":108,"column":20},"end":{"line":115,"column":22}},"56":{"start":{"line":109,"column":24},"end":{"line":109,"column":58}},"57":{"start":{"line":110,"column":24},"end":{"line":114,"column":53}},"58":{"start":{"line":112,"column":28},"end":{"line":112,"column":98}},"59":{"start":{"line":114,"column":36},"end":{"line":114,"column":52}},"60":{"start":{"line":120,"column":12},"end":{"line":120,"column":89}},"61":{"start":{"line":125,"column":0},"end":{"line":152,"column":1}},"62":{"start":{"line":126,"column":21},"end":{"line":133,"column":5}},"63":{"start":{"line":134,"column":17},"end":{"line":134,"column":19}},"64":{"start":{"line":135,"column":16},"end":{"line":135,"column":17}},"65":{"start":{"line":136,"column":4},"end":{"line":150,"column":6}},"66":{"start":{"line":137,"column":8},"end":{"line":137,"column":33}},"67":{"start":{"line":138,"column":8},"end":{"line":149,"column":10}},"68":{"start":{"line":139,"column":12},"end":{"line":139,"column":22}},"69":{"start":{"line":140,"column":12},"end":{"line":140,"column":29}},"70":{"start":{"line":141,"column":12},"end":{"line":148,"column":13}},"71":{"start":{"line":142,"column":16},"end":{"line":142,"column":39}},"72":{"start":{"line":143,"column":16},"end":{"line":147,"column":45}},"73":{"start":{"line":145,"column":20},"end":{"line":145,"column":82}},"74":{"start":{"line":147,"column":28},"end":{"line":147,"column":44}},"75":{"start":{"line":154,"column":0},"end":{"line":162,"column":1}},"76":{"start":{"line":155,"column":4},"end":{"line":161,"column":6}},"77":{"start":{"line":156,"column":8},"end":{"line":160,"column":9}},"78":{"start":{"line":157,"column":12},"end":{"line":157,"column":76}},"79":{"start":{"line":159,"column":12},"end":{"line":159,"column":98}}},"fnMap":{"0":{"name":"(anonymous_0)","decl":{"start":{"line":9,"column":17},"end":{"line":9,"column":18}},"loc":{"start":{"line":9,"column":42},"end":{"line":39,"column":1}},"line":9},"1":{"name":"(anonymous_1)","decl":{"start":{"line":10,"column":63},"end":{"line":10,"column":64}},"loc":{"start":{"line":10,"column":89},"end":{"line":38,"column":5}},"line":10},"2":{"name":"(anonymous_2)","decl":{"start":{"line":12,"column":51},"end":{"line":12,"column":52}},"loc":{"start":{"line":12,"column":72},"end":{"line":37,"column":9}},"line":12},"3":{"name":"(anonymous_3)","decl":{"start":{"line":25,"column":30},"end":{"line":25,"column":31}},"loc":{"start":{"line":25,"column":50},"end":{"line":35,"column":17}},"line":25},"4":{"name":"(anonymous_4)","decl":{"start":{"line":41,"column":16},"end":{"line":41,"column":17}},"loc":{"start":{"line":41,"column":41},"end":{"line":49,"column":1}},"line":41},"5":{"name":"(anonymous_5)","decl":{"start":{"line":43,"column":10},"end":{"line":43,"column":11}},"loc":{"start":{"line":43,"column":18},"end":{"line":45,"column":5}},"line":43},"6":{"name":"(anonymous_6)","decl":{"start":{"line":46,"column":11},"end":{"line":46,"column":12}},"loc":{"start":{"line":46,"column":18},"end":{"line":48,"column":5}},"line":46},"7":{"name":"(anonymous_7)","decl":{"start":{"line":51,"column":16},"end":{"line":51,"column":17}},"loc":{"start":{"line":51,"column":41},"end":{"line":73,"column":1}},"line":51},"8":{"name":"(anonymous_8)","decl":{"start":{"line":52,"column":47},"end":{"line":52,"column":48}},"loc":{"start":{"line":52,"column":68},"end":{"line":72,"column":5}},"line":52},"9":{"name":"(anonymous_9)","decl":{"start":{"line":54,"column":65},"end":{"line":54,"column":66}},"loc":{"start":{"line":54,"column":87},"end":{"line":67,"column":13}},"line":54},"10":{"name":"(anonymous_10)","decl":{"start":{"line":61,"column":42},"end":{"line":61,"column":43}},"loc":{"start":{"line":61,"column":63},"end":{"line":63,"column":23}},"line":61},"11":{"name":"(anonymous_11)","decl":{"start":{"line":75,"column":15},"end":{"line":75,"column":16}},"loc":{"start":{"line":75,"column":40},"end":{"line":83,"column":1}},"line":75},"12":{"name":"(anonymous_12)","decl":{"start":{"line":76,"column":44},"end":{"line":76,"column":45}},"loc":{"start":{"line":76,"column":65},"end":{"line":82,"column":5}},"line":76},"13":{"name":"(anonymous_13)","decl":{"start":{"line":85,"column":16},"end":{"line":85,"column":17}},"loc":{"start":{"line":85,"column":41},"end":{"line":123,"column":1}},"line":85},"14":{"name":"(anonymous_14)","decl":{"start":{"line":86,"column":46},"end":{"line":86,"column":47}},"loc":{"start":{"line":86,"column":73},"end":{"line":122,"column":5}},"line":86},"15":{"name":"(anonymous_15)","decl":{"start":{"line":89,"column":51},"end":{"line":89,"column":52}},"loc":{"start":{"line":89,"column":57},"end":{"line":89,"column":105}},"line":89},"16":{"name":"(anonymous_16)","decl":{"start":{"line":94,"column":79},"end":{"line":94,"column":80}},"loc":{"start":{"line":94,"column":105},"end":{"line":101,"column":21}},"line":94},"17":{"name":"(anonymous_17)","decl":{"start":{"line":97,"column":34},"end":{"line":97,"column":35}},"loc":{"start":{"line":97,"column":48},"end":{"line":99,"column":29}},"line":97},"18":{"name":"(anonymous_18)","decl":{"start":{"line":100,"column":35},"end":{"line":100,"column":36}},"loc":{"start":{"line":100,"column":40},"end":{"line":100,"column":56}},"line":100},"19":{"name":"(anonymous_19)","decl":{"start":{"line":104,"column":51},"end":{"line":104,"column":52}},"loc":{"start":{"line":104,"column":57},"end":{"line":104,"column":105}},"line":104},"20":{"name":"(anonymous_20)","decl":{"start":{"line":108,"column":79},"end":{"line":108,"column":80}},"loc":{"start":{"line":108,"column":105},"end":{"line":115,"column":21}},"line":108},"21":{"name":"(anonymous_21)","decl":{"start":{"line":111,"column":30},"end":{"line":111,"column":31}},"loc":{"start":{"line":111,"column":44},"end":{"line":113,"column":25}},"line":111},"22":{"name":"(anonymous_22)","decl":{"start":{"line":114,"column":31},"end":{"line":114,"column":32}},"loc":{"start":{"line":114,"column":36},"end":{"line":114,"column":52}},"line":114},"23":{"name":"(anonymous_23)","decl":{"start":{"line":125,"column":18},"end":{"line":125,"column":19}},"loc":{"start":{"line":125,"column":43},"end":{"line":152,"column":1}},"line":125},"24":{"name":"(anonymous_24)","decl":{"start":{"line":136,"column":44},"end":{"line":136,"column":45}},"loc":{"start":{"line":136,"column":65},"end":{"line":150,"column":5}},"line":136},"25":{"name":"(anonymous_25)","decl":{"start":{"line":138,"column":25},"end":{"line":138,"column":26}},"loc":{"start":{"line":138,"column":33},"end":{"line":149,"column":9}},"line":138},"26":{"name":"(anonymous_26)","decl":{"start":{"line":144,"column":22},"end":{"line":144,"column":23}},"loc":{"start":{"line":144,"column":36},"end":{"line":146,"column":17}},"line":144},"27":{"name":"(anonymous_27)","decl":{"start":{"line":147,"column":23},"end":{"line":147,"column":24}},"loc":{"start":{"line":147,"column":28},"end":{"line":147,"column":44}},"line":147},"28":{"name":"(anonymous_28)","decl":{"start":{"line":154,"column":22},"end":{"line":154,"column":23}},"loc":{"start":{"line":154,"column":47},"end":{"line":162,"column":1}},"line":154},"29":{"name":"(anonymous_29)","decl":{"start":{"line":155,"column":44},"end":{"line":155,"column":45}},"loc":{"start":{"line":155,"column":65},"end":{"line":161,"column":5}},"line":155}},"branchMap":{"0":{"loc":{"start":{"line":13,"column":12},"end":{"line":36,"column":13}},"type":"if","locations":[{"start":{"line":13,"column":12},"end":{"line":36,"column":13}},{"start":{"line":16,"column":16},"end":{"line":36,"column":13}}],"line":13},"1":{"loc":{"start":{"line":26,"column":20},"end":{"line":34,"column":21}},"type":"if","locations":[{"start":{"line":26,"column":20},"end":{"line":34,"column":21}},{"start":{"line":31,"column":24},"end":{"line":34,"column":21}}],"line":26},"2":{"loc":{"start":{"line":29,"column":37},"end":{"line":29,"column":74}},"type":"binary-expr","locations":[{"start":{"line":29,"column":37},"end":{"line":29,"column":48}},{"start":{"line":29,"column":52},"end":{"line":29,"column":74}}],"line":29},"3":{"loc":{"start":{"line":53,"column":8},"end":{"line":71,"column":9}},"type":"if","locations":[{"start":{"line":53,"column":8},"end":{"line":71,"column":9}},{"start":{"line":69,"column":12},"end":{"line":71,"column":9}}],"line":53},"4":{"loc":{"start":{"line":55,"column":16},"end":{"line":66,"column":17}},"type":"if","locations":[{"start":{"line":55,"column":16},"end":{"line":66,"column":17}},{"start":{"line":64,"column":21},"end":{"line":66,"column":17}}],"line":55},"5":{"loc":{"start":{"line":77,"column":8},"end":{"line":81,"column":9}},"type":"if","locations":[{"start":{"line":77,"column":8},"end":{"line":81,"column":9}},{"start":{"line":79,"column":13},"end":{"line":81,"column":9}}],"line":77},"6":{"loc":{"start":{"line":87,"column":8},"end":{"line":121,"column":9}},"type":"if","locations":[{"start":{"line":87,"column":8},"end":{"line":121,"column":9}},{"start":{"line":119,"column":13},"end":{"line":121,"column":9}}],"line":87},"7":{"loc":{"start":{"line":88,"column":12},"end":{"line":117,"column":13}},"type":"if","locations":[{"start":{"line":88,"column":12},"end":{"line":117,"column":13}},{"start":{"line":103,"column":17},"end":{"line":117,"column":13}}],"line":88},"8":{"loc":{"start":{"line":90,"column":16},"end":{"line":102,"column":17}},"type":"if","locations":[{"start":{"line":90,"column":16},"end":{"line":102,"column":17}},{"start":{"line":92,"column":21},"end":{"line":102,"column":17}}],"line":90},"9":{"loc":{"start":{"line":105,"column":16},"end":{"line":116,"column":17}},"type":"if","locations":[{"start":{"line":105,"column":16},"end":{"line":116,"column":17}},{"start":{"line":107,"column":21},"end":{"line":116,"column":17}}],"line":105},"10":{"loc":{"start":{"line":141,"column":12},"end":{"line":148,"column":13}},"type":"if","locations":[{"start":{"line":141,"column":12},"end":{"line":148,"column":13}},{"start":{},"end":{}}],"line":141},"11":{"loc":{"start":{"line":156,"column":8},"end":{"line":160,"column":9}},"type":"if","locations":[{"start":{"line":156,"column":8},"end":{"line":160,"column":9}},{"start":{"line":158,"column":13},"end":{"line":160,"column":9}}],"line":156}},"s":{"0":1,"1":1,"2":1,"3":1,"4":1,"5":1,"6":1,"7":2,"8":2,"9":2,"10":2,"11":1,"12":1,"13":1,"14":1,"15":0,"16":0,"17":1,"18":1,"19":1,"20":0,"21":0,"22":0,"23":1,"24":0,"25":0,"26":0,"27":0,"28":0,"29":0,"30":0,"31":0,"32":1,"33":0,"34":0,"35":0,"36":0,"37":1,"38":0,"39":0,"40":0,"41":0,"42":0,"43":0,"44":0,"45":0,"46":0,"47":0,"48":0,"49":0,"50":0,"51":0,"52":0,"53":0,"54":0,"55":0,"56":0,"57":0,"58":0,"59":0,"60":0,"61":1,"62":0,"63":0,"64":0,"65":0,"66":0,"67":0,"68":0,"69":0,"70":0,"71":0,"72":0,"73":0,"74":0,"75":1,"76":0,"77":0,"78":0,"79":0},"f":{"0":2,"1":2,"2":2,"3":1,"4":0,"5":0,"6":0,"7":0,"8":0,"9":0,"10":0,"11":0,"12":0,"13":0,"14":0,"15":0,"16":0,"17":0,"18":0,"19":0,"20":0,"21":0,"22":0,"23":0,"24":0,"25":0,"26":0,"27":0,"28":0,"29":0},"b":{"0":[1,1],"1":[0,1],"2":[0,0],"3":[0,0],"4":[0,0],"5":[0,0],"6":[0,0],"7":[0,0],"8":[0,0],"9":[0,0],"10":[0,0],"11":[0,0]},"_coverageSchema":"1a1c01bbd47fc00a2c39e90264f33305004495a9","hash":"3a5fdcfb63514aa2b9696328c949ee01b5f94a8f"}
,"D:\\Hegade\\Express-Jest\\User\\middleware\\auth.js": {"path":"D:\\Hegade\\Express-Jest\\User\\middleware\\auth.js","statementMap":{"0":{"start":{"line":1,"column":12},"end":{"line":1,"column":35}},"1":{"start":{"line":2,"column":15},"end":{"line":2,"column":42}},"2":{"start":{"line":4,"column":0},"end":{"line":20,"column":2}},"3":{"start":{"line":5,"column":2},"end":{"line":19,"column":3}},"4":{"start":{"line":6,"column":18},"end":{"line":6,"column":57}},"5":{"start":{"line":7,"column":25},"end":{"line":7,"column":61}},"6":{"start":{"line":8,"column":4},"end":{"line":8,"column":29}},"7":{"start":{"line":9,"column":19},"end":{"line":9,"column":38}},"8":{"start":{"line":10,"column":4},"end":{"line":14,"column":5}},"9":{"start":{"line":11,"column":6},"end":{"line":11,"column":30}},"10":{"start":{"line":13,"column":6},"end":{"line":13,"column":13}},"11":{"start":{"line":16,"column":4},"end":{"line":18,"column":7}}},"fnMap":{"0":{"name":"(anonymous_0)","decl":{"start":{"line":4,"column":17},"end":{"line":4,"column":18}},"loc":{"start":{"line":4,"column":37},"end":{"line":20,"column":1}},"line":4}},"branchMap":{"0":{"loc":{"start":{"line":10,"column":4},"end":{"line":14,"column":5}},"type":"if","locations":[{"start":{"line":10,"column":4},"end":{"line":14,"column":5}},{"start":{"line":12,"column":11},"end":{"line":14,"column":5}}],"line":10},"1":{"loc":{"start":{"line":10,"column":8},"end":{"line":10,"column":53}},"type":"binary-expr","locations":[{"start":{"line":10,"column":8},"end":{"line":10,"column":23}},{"start":{"line":10,"column":27},"end":{"line":10,"column":53}}],"line":10}},"s":{"0":1,"1":1,"2":1,"3":0,"4":0,"5":0,"6":0,"7":0,"8":0,"9":0,"10":0,"11":0},"f":{"0":0},"b":{"0":[0,0],"1":[0,0]},"_coverageSchema":"1a1c01bbd47fc00a2c39e90264f33305004495a9","hash":"586e5c7272e34054c256de59929a49db600261bd"}
,"D:\\Hegade\\Express-Jest\\User\\models\\user.model.js": {"path":"D:\\Hegade\\Express-Jest\\User\\models\\user.model.js","statementMap":{"0":{"start":{"line":1,"column":17},"end":{"line":1,"column":36}},"1":{"start":{"line":2,"column":15},"end":{"line":2,"column":30}},"2":{"start":{"line":4,"column":17},"end":{"line":25,"column":3}},"3":{"start":{"line":27,"column":2},"end":{"line":27,"column":54}}},"fnMap":{},"branchMap":{},"s":{"0":1,"1":1,"2":1,"3":1},"f":{},"b":{},"_coverageSchema":"1a1c01bbd47fc00a2c39e90264f33305004495a9","hash":"398e99586d657cba6d309784bf9b558040d6c601"}
,"D:\\Hegade\\Express-Jest\\User\\routes\\user.route.js": {"path":"D:\\Hegade\\Express-Jest\\User\\routes\\user.route.js","statementMap":{"0":{"start":{"line":1,"column":16},"end":{"line":1,"column":34}},"1":{"start":{"line":2,"column":15},"end":{"line":2,"column":31}},"2":{"start":{"line":3,"column":23},"end":{"line":3,"column":64}},"3":{"start":{"line":4,"column":13},"end":{"line":4,"column":42}},"4":{"start":{"line":7,"column":0},"end":{"line":7,"column":44}},"5":{"start":{"line":10,"column":0},"end":{"line":10,"column":41}},"6":{"start":{"line":13,"column":0},"end":{"line":13,"column":42}},"7":{"start":{"line":16,"column":0},"end":{"line":16,"column":49}},"8":{"start":{"line":19,"column":0},"end":{"line":19,"column":47}},"9":{"start":{"line":22,"column":0},"end":{"line":22,"column":54}},"10":{"start":{"line":25,"column":0},"end":{"line":25,"column":58}},"11":{"start":{"line":27,"column":0},"end":{"line":27,"column":24}}},"fnMap":{},"branchMap":{},"s":{"0":1,"1":1,"2":1,"3":1,"4":1,"5":1,"6":1,"7":1,"8":1,"9":1,"10":1,"11":1},"f":{},"b":{},"_coverageSchema":"1a1c01bbd47fc00a2c39e90264f33305004495a9","hash":"35ed741417e8935ca0f88afe816da93fdd01dc9c"}
}
